2021-09-25 08:00:12.086  INFO 7269 --- [main] u.UdemySpringbootFundamentalsApplication : Starting UdemySpringbootFundamentalsApplication using Java 11.0.11 on hanscem with PID 7269 (/home/hanscem/johnshift/udemy-springboot-fundamentals/udemy-springboot-fundamentals/target/classes started by hanscem in /home/hanscem/johnshift/udemy-springboot-fundamentals/udemy-springboot-fundamentals)
2021-09-25 08:00:12.088  INFO 7269 --- [main] u.UdemySpringbootFundamentalsApplication : No active profile set, falling back to default profiles: default
2021-09-25 08:00:12.853  INFO 7269 --- [main] .s.d.r.c.RepositoryConfigurationDelegate : Bootstrapping Spring Data JPA repositories in DEFAULT mode.
2021-09-25 08:00:12.912  INFO 7269 --- [main] .s.d.r.c.RepositoryConfigurationDelegate : Finished Spring Data repository scanning in 49 ms. Found 1 JPA repository interfaces.
2021-09-25 08:00:13.522  INFO 7269 --- [main] o.s.b.w.embedded.tomcat.TomcatWebServer  : Tomcat initialized with port(s): 8080 (http)
2021-09-25 08:00:13.532  INFO 7269 --- [main] o.apache.catalina.core.StandardService   : Starting service [Tomcat]
2021-09-25 08:00:13.532  INFO 7269 --- [main] org.apache.catalina.core.StandardEngine  : Starting Servlet engine: [Apache Tomcat/9.0.53]
2021-09-25 08:00:13.617  INFO 7269 --- [main] o.a.c.c.C.[Tomcat].[localhost].[/]       : Initializing Spring embedded WebApplicationContext
2021-09-25 08:00:13.619  INFO 7269 --- [main] w.s.c.ServletWebServerApplicationContext : Root WebApplicationContext: initialization completed in 1464 ms
2021-09-25 08:00:13.879  INFO 7269 --- [main] o.hibernate.jpa.internal.util.LogHelper  : HHH000204: Processing PersistenceUnitInfo [name: default]
2021-09-25 08:00:13.959  INFO 7269 --- [main] org.hibernate.Version                    : HHH000412: Hibernate ORM core version 5.4.32.Final
2021-09-25 08:00:14.123  INFO 7269 --- [main] o.hibernate.annotations.common.Version   : HCANN000001: Hibernate Commons Annotations {5.1.2.Final}
2021-09-25 08:00:14.226  INFO 7269 --- [main] com.zaxxer.hikari.HikariDataSource       : HikariPool-1 - Starting...
2021-09-25 08:00:14.230  WARN 7269 --- [main] com.zaxxer.hikari.util.DriverDataSource  : Registered driver with driverClassName=com.mysql.jdbc.Driver was not found, trying direct instantiation.
2021-09-25 08:00:14.582  INFO 7269 --- [main] com.zaxxer.hikari.HikariDataSource       : HikariPool-1 - Start completed.
2021-09-25 08:00:14.603  INFO 7269 --- [main] org.hibernate.dialect.Dialect            : HHH000400: Using dialect: org.hibernate.dialect.MySQL5InnoDBDialect
2021-09-25 08:00:15.193  INFO 7269 --- [main] o.h.e.t.j.p.i.JtaPlatformInitiator       : HHH000490: Using JtaPlatform implementation: [org.hibernate.engine.transaction.jta.platform.internal.NoJtaPlatform]
2021-09-25 08:00:15.201  INFO 7269 --- [main] j.LocalContainerEntityManagerFactoryBean : Initialized JPA EntityManagerFactory for persistence unit 'default'
2021-09-25 08:00:15.561  WARN 7269 --- [main] JpaBaseConfiguration$JpaWebConfiguration : spring.jpa.open-in-view is enabled by default. Therefore, database queries may be performed during view rendering. Explicitly configure spring.jpa.open-in-view to disable this warning
2021-09-25 08:00:15.996  INFO 7269 --- [main] o.s.b.w.embedded.tomcat.TomcatWebServer  : Tomcat started on port(s): 8080 (http) with context path ''
2021-09-25 08:00:16.007  INFO 7269 --- [main] u.UdemySpringbootFundamentalsApplication : Started UdemySpringbootFundamentalsApplication in 4.427 seconds (JVM running for 4.787)
2021-09-25 08:01:18.765  INFO 7269 --- [http-nio-8080-exec-1] o.a.c.c.C.[Tomcat].[localhost].[/]       : Initializing Spring DispatcherServlet 'dispatcherServlet'
2021-09-25 08:01:18.766  INFO 7269 --- [http-nio-8080-exec-1] o.s.web.servlet.DispatcherServlet        : Initializing Servlet 'dispatcherServlet'
2021-09-25 08:01:18.768  INFO 7269 --- [http-nio-8080-exec-1] o.s.web.servlet.DispatcherServlet        : Completed initialization in 1 ms
2021-09-25 08:01:18.893  INFO 7269 --- [http-nio-8080-exec-1] d.j.u.books.BooksController              : Creating new book
2021-09-25 08:02:49.872  INFO 7269 --- [SpringApplicationShutdownHook] j.LocalContainerEntityManagerFactoryBean : Closing JPA EntityManagerFactory for persistence unit 'default'
2021-09-25 08:02:49.874  INFO 7269 --- [SpringApplicationShutdownHook] com.zaxxer.hikari.HikariDataSource       : HikariPool-1 - Shutdown initiated...
2021-09-25 08:02:49.886  INFO 7269 --- [SpringApplicationShutdownHook] com.zaxxer.hikari.HikariDataSource       : HikariPool-1 - Shutdown completed.
2021-09-25 08:04:02.779  INFO 8469 --- [main] u.UdemySpringbootFundamentalsApplication : Starting UdemySpringbootFundamentalsApplication using Java 11.0.11 on hanscem with PID 8469 (/home/hanscem/johnshift/udemy-springboot-fundamentals/udemy-springboot-fundamentals/target/classes started by hanscem in /home/hanscem/johnshift/udemy-springboot-fundamentals/udemy-springboot-fundamentals)
2021-09-25 08:04:02.783  INFO 8469 --- [main] u.UdemySpringbootFundamentalsApplication : No active profile set, falling back to default profiles: default
2021-09-25 08:04:03.522  INFO 8469 --- [main] .s.d.r.c.RepositoryConfigurationDelegate : Bootstrapping Spring Data JPA repositories in DEFAULT mode.
2021-09-25 08:04:03.577  INFO 8469 --- [main] .s.d.r.c.RepositoryConfigurationDelegate : Finished Spring Data repository scanning in 46 ms. Found 1 JPA repository interfaces.
2021-09-25 08:04:04.162  INFO 8469 --- [main] o.s.b.w.embedded.tomcat.TomcatWebServer  : Tomcat initialized with port(s): 8080 (http)
2021-09-25 08:04:04.175  INFO 8469 --- [main] o.apache.catalina.core.StandardService   : Starting service [Tomcat]
2021-09-25 08:04:04.175  INFO 8469 --- [main] org.apache.catalina.core.StandardEngine  : Starting Servlet engine: [Apache Tomcat/9.0.53]
2021-09-25 08:04:04.253  INFO 8469 --- [main] o.a.c.c.C.[Tomcat].[localhost].[/]       : Initializing Spring embedded WebApplicationContext
2021-09-25 08:04:04.254  INFO 8469 --- [main] w.s.c.ServletWebServerApplicationContext : Root WebApplicationContext: initialization completed in 1415 ms
2021-09-25 08:04:04.474  INFO 8469 --- [main] o.hibernate.jpa.internal.util.LogHelper  : HHH000204: Processing PersistenceUnitInfo [name: default]
2021-09-25 08:04:04.523  INFO 8469 --- [main] org.hibernate.Version                    : HHH000412: Hibernate ORM core version 5.4.32.Final
2021-09-25 08:04:04.654  INFO 8469 --- [main] o.hibernate.annotations.common.Version   : HCANN000001: Hibernate Commons Annotations {5.1.2.Final}
2021-09-25 08:04:04.737  INFO 8469 --- [main] com.zaxxer.hikari.HikariDataSource       : HikariPool-1 - Starting...
2021-09-25 08:04:04.742  WARN 8469 --- [main] com.zaxxer.hikari.util.DriverDataSource  : Registered driver with driverClassName=com.mysql.jdbc.Driver was not found, trying direct instantiation.
2021-09-25 08:04:05.066  INFO 8469 --- [main] com.zaxxer.hikari.HikariDataSource       : HikariPool-1 - Start completed.
2021-09-25 08:04:05.085  INFO 8469 --- [main] org.hibernate.dialect.Dialect            : HHH000400: Using dialect: org.hibernate.dialect.MySQL5InnoDBDialect
2021-09-25 08:04:05.682  INFO 8469 --- [main] o.h.e.t.j.p.i.JtaPlatformInitiator       : HHH000490: Using JtaPlatform implementation: [org.hibernate.engine.transaction.jta.platform.internal.NoJtaPlatform]
2021-09-25 08:04:05.693  INFO 8469 --- [main] j.LocalContainerEntityManagerFactoryBean : Initialized JPA EntityManagerFactory for persistence unit 'default'
2021-09-25 08:04:06.063  WARN 8469 --- [main] JpaBaseConfiguration$JpaWebConfiguration : spring.jpa.open-in-view is enabled by default. Therefore, database queries may be performed during view rendering. Explicitly configure spring.jpa.open-in-view to disable this warning
2021-09-25 08:04:06.492  INFO 8469 --- [main] .s.s.UserDetailsServiceAutoConfiguration : 

Using generated security password: be14395e-246d-40c2-99d1-a4497ce1ccd7

2021-09-25 08:04:06.669  INFO 8469 --- [main] o.s.s.web.DefaultSecurityFilterChain     : Will secure any request with [org.springframework.security.web.context.request.async.WebAsyncManagerIntegrationFilter@71d78cac, org.springframework.security.web.context.SecurityContextPersistenceFilter@7f792530, org.springframework.security.web.header.HeaderWriterFilter@346330b6, org.springframework.security.web.csrf.CsrfFilter@70df41f9, org.springframework.security.web.authentication.logout.LogoutFilter@63318b56, org.springframework.security.web.authentication.UsernamePasswordAuthenticationFilter@23dc70c1, org.springframework.security.web.authentication.ui.DefaultLoginPageGeneratingFilter@1610c03c, org.springframework.security.web.authentication.ui.DefaultLogoutPageGeneratingFilter@550f522b, org.springframework.security.web.authentication.www.BasicAuthenticationFilter@6065bcb7, org.springframework.security.web.savedrequest.RequestCacheAwareFilter@254cc548, org.springframework.security.web.servletapi.SecurityContextHolderAwareRequestFilter@77226121, org.springframework.security.web.authentication.AnonymousAuthenticationFilter@1842dc39, org.springframework.security.web.session.SessionManagementFilter@20d3fff4, org.springframework.security.web.access.ExceptionTranslationFilter@284f25e6, org.springframework.security.web.access.intercept.FilterSecurityInterceptor@4a86be01]
2021-09-25 08:04:06.752  INFO 8469 --- [main] o.s.b.w.embedded.tomcat.TomcatWebServer  : Tomcat started on port(s): 8080 (http) with context path ''
2021-09-25 08:04:06.763  INFO 8469 --- [main] u.UdemySpringbootFundamentalsApplication : Started UdemySpringbootFundamentalsApplication in 4.444 seconds (JVM running for 4.808)
2021-09-25 08:05:00.555  INFO 8469 --- [SpringApplicationShutdownHook] j.LocalContainerEntityManagerFactoryBean : Closing JPA EntityManagerFactory for persistence unit 'default'
2021-09-25 08:05:00.558  INFO 8469 --- [SpringApplicationShutdownHook] com.zaxxer.hikari.HikariDataSource       : HikariPool-1 - Shutdown initiated...
2021-09-25 08:05:00.571  INFO 8469 --- [SpringApplicationShutdownHook] com.zaxxer.hikari.HikariDataSource       : HikariPool-1 - Shutdown completed.
